Array
(
    [order_details] => Array
        (
            [0] => Array
                (
                    [id] => apple-airpods-pro
                    [name] => AirPods Pro
                    [quantity] => 1
                    [prices] => Array
                        (
                            [0] => Array
                                (
                                    [amount] => 300.23
                                    [currency] => Array
                                        (
                                            [label] => USD
                                            [symbol] => $
                                        )

                                )

                        )

                    [attributes] => Array
                        (
                        )

                )

        )

    [total] => 300.23
    [order_status] => received
)
